<?xml version="1.0" encoding="UTF-8" standalone="no"?>
<testsuite errors="0" failures="1" name="io.cucumber.core.plugin.JUnitFormatter" skipped="0" tests="1" time="19.598">
    <testcase classname="Autozone searchBox test" name="Verify that clicking the logo after shopping cart takes you back to the homepage" time="18.786">
        <failure message="Page title not match expected [Shopping Cart | AutoZone] but found [Access Denied]" type="java.lang.AssertionError">
            <![CDATA[Given I am at Autozone homepage.............................................passed
And I click on the shopping cart button.....................................passed
And I verify that I am on the shopping cart page............................failed
But i should not be on the Homepage.........................................skipped
Then I click on the Autozone logo...........................................skipped
And I should be on the Autozone Homepage....................................skipped

StackTrace:
java.lang.AssertionError: Page title not match expected [Shopping Cart | AutoZone] but found [Access Denied]
	at org.testng.Assert.fail(Assert.java:97)
	at org.testng.Assert.assertEqualsImpl(Assert.java:136)
	at org.testng.Assert.assertEquals(Assert.java:118)
	at org.testng.Assert.assertEquals(Assert.java:575)
	at stepdefinitions.SearchBoxStepDefinition.i_Verify_That_I_Am_On_The_Shopping_Cart_Page(SearchBoxStepDefinition.java:119)
	at âœ½.I verify that I am on the shopping cart page.(file:///C:/Users/Shihab/IdeaProjects/BDDAutomaitonFramework_Team3/Autozone/src/test/java/features/searchbox.feature:67)
]]>
        </failure>
    </testcase>
</testsuite>
